\BOOKMARK [1][-]{section.1}{Introduction}{}% 1
\BOOKMARK [2][-]{subsection.1.1}{Structure and philosophy of GRSC 7770}{section.1}% 2
\BOOKMARK [2][-]{subsection.1.2}{The nitty gritty of a day in GRSC 7770}{section.1}% 3
\BOOKMARK [3][-]{subsubsection.1.2.1}{Daily discussions}{subsection.1.2}% 4
\BOOKMARK [3][-]{subsubsection.1.2.2}{Guest speakers}{subsection.1.2}% 5
\BOOKMARK [2][-]{subsection.1.3}{Preparing for your first day}{section.1}% 6
\BOOKMARK [1][-]{section.2}{Week 1}{}% 7
\BOOKMARK [2][-]{subsection.2.1}{Introduction to GRSC 7770}{section.2}% 8
\BOOKMARK [3][-]{subsubsection.2.1.1}{Other resources for building rapport with students}{subsection.2.1}% 9
\BOOKMARK [2][-]{subsection.2.2}{Covering the syllabus}{section.2}% 10
\BOOKMARK [2][-]{subsection.2.3}{Discussion: A Declaration of Values}{section.2}% 11
\BOOKMARK [1][-]{section.3}{Week 2}{}% 12
\BOOKMARK [2][-]{subsection.3.1}{Discussion: A declaration of values}{section.3}% 13
\BOOKMARK [2][-]{subsection.3.2}{How to write a syllabus}{section.3}% 14
\BOOKMARK [2][-]{subsection.3.3}{Key functions and components of a syllabus}{section.3}% 15
\BOOKMARK [1][-]{section.4}{Week 3}{}% 16
\BOOKMARK [1][-]{section.5}{Week 4}{}% 17
\BOOKMARK [2][-]{subsection.5.1}{Grading the syllabus}{section.5}% 18
\BOOKMARK [2][-]{subsection.5.2}{Discussion: Introduction to active learning}{section.5}% 19
\BOOKMARK [1][-]{section.6}{Week 5}{}% 20
\BOOKMARK [2][-]{subsection.6.1}{Problem solving in STEM}{section.6}% 21
\BOOKMARK [3][-]{subsubsection.6.1.1}{How do I decide which problems to cover in section or class?}{subsection.6.1}% 22
\BOOKMARK [3][-]{subsubsection.6.1.2}{You have given your class some problems to solve}{subsection.6.1}% 23
\BOOKMARK [2][-]{subsection.6.2}{When do you want students to work in groups to solve problems?}{section.6}% 24
\BOOKMARK [2][-]{subsection.6.3}{What are some benefits of having students work in groups?}{section.6}% 25
\BOOKMARK [2][-]{subsection.6.4}{What are some strategies for helping students to form groups?}{section.6}% 26
\BOOKMARK [1][-]{section.7}{Week 6}{}% 27
\BOOKMARK [2][-]{subsection.7.1}{What should you do while your students are working on problems?}{section.7}% 28
\BOOKMARK [2][-]{subsection.7.2}{After students work on a problem during class, what are strategies to have them share their answers and their thinking?}{section.7}% 29
\BOOKMARK [2][-]{subsection.7.3}{What happens if a student gives a wrong answer?}{section.7}% 30
\BOOKMARK [2][-]{subsection.7.4}{A few final notes}{section.7}% 31
\BOOKMARK [1][-]{section.8}{Week 7}{}% 32
\BOOKMARK [1][-]{section.9}{Week 8}{}% 33
\BOOKMARK [2][-]{subsection.9.1}{Discussion: Making the grade}{section.9}% 34
\BOOKMARK [2][-]{subsection.9.2}{Activity}{section.9}% 35
\BOOKMARK [2][-]{subsection.9.3}{Some general principles of responding to student work}{section.9}% 36
\BOOKMARK [1][-]{section.10}{Week 9}{}% 37
\BOOKMARK [2][-]{subsection.10.1}{Establish clear guidelines for the course grade}{section.10}% 38
\BOOKMARK [1][-]{section.11}{Week 10}{}% 39
\BOOKMARK [1][-]{section.12}{Week 11}{}% 40
\BOOKMARK [2][-]{subsection.12.1}{Evaluating your teaching}{section.12}% 41
\BOOKMARK [2][-]{subsection.12.2}{Questions to consider when reviewing your evaluations}{section.12}% 42
\BOOKMARK [2][-]{subsection.12.3}{The four horsemen of the teaching apocalypse}{section.12}% 43
\BOOKMARK [1][-]{section.13}{Week 12}{}% 44
\BOOKMARK [2][-]{subsection.13.1}{Learner-centered design}{section.13}% 45
\BOOKMARK [1][-]{section.14}{Week 13}{}% 46
\BOOKMARK [2][-]{subsection.14.1}{Inclusive course design}{section.14}% 47
\BOOKMARK [2][-]{subsection.14.2}{Plan to access early and often}{section.14}% 48
\BOOKMARK [2][-]{subsection.14.3}{Plan to vary teaching strategies}{section.14}% 49
\BOOKMARK [2][-]{subsection.14.4}{Allow students to demonstrate their learning in various ways, when possible}{section.14}% 50
\BOOKMARK [1][-]{section.15}{Week 14}{}% 51
\BOOKMARK [2][-]{subsection.15.1}{Inclusive moves}{section.15}% 52
\BOOKMARK [2][-]{subsection.15.2}{Set the tone on your first day}{section.15}% 53
\BOOKMARK [2][-]{subsection.15.3}{Get to know your students}{section.15}% 54
\BOOKMARK [2][-]{subsection.15.4}{Build rapport among the group}{section.15}% 55
\BOOKMARK [1][-]{section.16}{Week 15}{}% 56
